【记录时间：2022-09-09 17:03:55,091】【线程：1】【日志级别：WARN 】【类：Baisse.Study.StudyService】
实例化成功
【记录时间：2022-09-09 17:03:56,950】【线程：6】【日志级别：WARN 】【类：Baisse.Study.StudyService】
服务启动成功
【记录时间：2022-09-09 17:24:10,488】【线程：1】【日志级别：WARN 】【类：Baisse.Study.StudyService】
实例化成功
【记录时间：2022-09-09 17:24:11,917】【线程：6】【日志级别：WARN 】【类：Baisse.Study.StudyService】
服务启动成功
【记录时间：2022-09-09 17:24:52,474】【线程：1】【日志级别：WARN 】【类：Baisse.Study.StudyService】
实例化成功
【记录时间：2022-09-09 17:24:55,185】【线程：4】【日志级别：WARN 】【类：Baisse.Study.StudyService】
服务启动成功
【记录时间：2022-09-09 17:28:29,644】【线程：1】【日志级别：WARN 】【类：Baisse.Study.StudyService】
实例化成功
【记录时间：2022-09-09 17:28:32,798】【线程：6】【日志级别：WARN 】【类：Baisse.Study.StudyService】
服务启动成功
【记录时间：2022-09-09 17:29:10,089】【线程：1】【日志级别：WARN 】【类：Baisse.Study.StudyService】
实例化成功
【记录时间：2022-09-09 17:29:11,957】【线程：6】【日志级别：WARN 】【类：Baisse.Study.StudyService】
服务启动成功
【记录时间：2022-09-09 17:29:46,573】【线程：1】【日志级别：WARN 】【类：Baisse.Study.StudyService】
实例化成功
【记录时间：2022-09-09 17:29:48,812】【线程：6】【日志级别：WARN 】【类：Baisse.Study.StudyService】
服务启动成功
【记录时间：2022-09-09 17:34:23,012】【线程：5】【日志级别：INFO 】【类：Baisse.Study.StudyService】
Studyss
【记录时间：2022-09-09 17:55:48,306】【线程：5】【日志级别：INFO 】【类：Baisse.Study.StudyService】
Studyss
【记录时间：2022-09-09 21:39:33,370】【线程：5】【日志级别：INFO 】【类：Baisse.Study.StudyService】
Studyss
【记录时间：2022-09-09 21:41:46,529】【线程：1】【日志级别：WARN 】【类：Baisse.Study.StudyService】
实例化成功
【记录时间：2022-09-09 21:41:48,388】【线程：6】【日志级别：WARN 】【类：Baisse.Study.StudyService】
服务启动成功
【记录时间：2022-09-09 21:42:13,468】【线程：4】【日志级别：INFO 】【类：Baisse.Study.StudyService】
Studyss
【记录时间：2022-09-09 22:05:51,136】【线程：9】【日志级别：INFO 】【类：Baisse.Study.StudyService】
Studyss
【记录时间：2022-09-09 22:43:24,595】【线程：1】【日志级别：WARN 】【类：Baisse.Study.StudyService】
实例化成功
【记录时间：2022-09-09 22:43:26,689】【线程：6】【日志级别：WARN 】【类：Baisse.Study.StudyService】
服务启动成功
【记录时间：2022-09-09 22:44:51,661】【线程：4】【日志级别：INFO 】【类：Baisse.Study.StudyService】
Studyss
【记录时间：2022-09-09 22:47:49,699】【线程：1】【日志级别：WARN 】【类：Baisse.Study.StudyService】
实例化成功
【记录时间：2022-09-09 22:47:51,406】【线程：6】【日志级别：WARN 】【类：Baisse.Study.StudyService】
服务启动成功
【记录时间：2022-09-09 22:48:15,725】【线程：4】【日志级别：INFO 】【类：Baisse.Study.StudyService】
Studyss
【记录时间：2022-09-09 22:52:03,377】【线程：8】【日志级别：INFO 】【类：Baisse.Study.StudyService】
Studyss
【记录时间：2022-09-09 22:55:28,602】【线程：9】【日志级别：INFO 】【类：Baisse.Study.StudyService】
Studyss
【记录时间：2022-09-09 22:57:44,574】【线程：9】【日志级别：INFO 】【类：Baisse.Study.StudyService】
Studyss
【记录时间：2022-09-09 22:58:03,703】【线程：9】【日志级别：INFO 】【类：Baisse.Study.StudyService】
Studyss
【记录时间：2022-09-09 23:22:11,295】【线程：9】【日志级别：INFO 】【类：Baisse.Study.StudyService】
Studyss
【记录时间：2022-09-09 23:22:45,888】【线程：9】【日志级别：INFO 】【类：Baisse.Study.StudyService】
Studyss
【记录时间：2022-09-09 23:23:23,583】【线程：9】【日志级别：INFO 】【类：Baisse.Study.StudyService】
Studyss
【记录时间：2022-09-09 23:23:38,533】【线程：9】【日志级别：INFO 】【类：Baisse.Study.StudyService】
Studyss
【记录时间：2022-09-09 23:25:08,563】【线程：9】【日志级别：INFO 】【类：Baisse.Study.StudyService】
Studyss
【记录时间：2022-09-09 23:29:03,218】【线程：1】【日志级别：WARN 】【类：Baisse.Study.StudyService】
实例化成功
【记录时间：2022-09-09 23:29:10,778】【线程：6】【日志级别：WARN 】【类：Baisse.Study.StudyService】
服务启动成功
【记录时间：2022-09-09 23:29:15,254】【线程：5】【日志级别：INFO 】【类：Baisse.Study.StudyService】
Studyss
【记录时间：2022-09-09 23:29:16,185】【线程：5】【日志级别：INFO 】【类：Baisse.Study.StudyService】
Studyss
【记录时间：2022-09-09 23:29:16,723】【线程：5】【日志级别：INFO 】【类：Baisse.Study.StudyService】
Studyss
【记录时间：2022-09-09 23:29:16,929】【线程：5】【日志级别：INFO 】【类：Baisse.Study.StudyService】
Studyss
【记录时间：2022-09-09 23:29:17,108】【线程：5】【日志级别：INFO 】【类：Baisse.Study.StudyService】
Studyss
【记录时间：2022-09-09 23:29:19,418】【线程：5】【日志级别：INFO 】【类：Baisse.Study.StudyService】
Studyss
【记录时间：2022-09-09 23:29:20,317】【线程：5】【日志级别：INFO 】【类：Baisse.Study.StudyService】
Studyss
【记录时间：2022-09-09 23:29:26,771】【线程：5】【日志级别：INFO 】【类：Baisse.Study.StudyService】
Studyss
【记录时间：2022-09-09 23:29:26,813】【线程：5】【日志级别：INFO 】【类：Baisse.Study.StudyService】
Studyss
【记录时间：2022-09-09 23:29:34,806】【线程：5】【日志级别：INFO 】【类：Baisse.Study.StudyService】
Studyss
【记录时间：2022-09-09 23:29:39,893】【线程：5】【日志级别：INFO 】【类：Baisse.Study.StudyService】
Studyss
【记录时间：2022-09-09 23:29:41,393】【线程：5】【日志级别：INFO 】【类：Baisse.Study.StudyService】
Studyss
【记录时间：2022-09-09 23:29:41,866】【线程：5】【日志级别：INFO 】【类：Baisse.Study.StudyService】
Studyss
【记录时间：2022-09-09 23:29:42,097】【线程：5】【日志级别：INFO 】【类：Baisse.Study.StudyService】
Studyss
【记录时间：2022-09-09 23:29:42,375】【线程：5】【日志级别：INFO 】【类：Baisse.Study.StudyService】
Studyss
【记录时间：2022-09-09 23:29:42,625】【线程：5】【日志级别：INFO 】【类：Baisse.Study.StudyService】
Studyss
【记录时间：2022-09-09 23:29:52,634】【线程：5】【日志级别：INFO 】【类：Baisse.Study.StudyService】
Studyss
【记录时间：2022-09-09 23:29:52,678】【线程：5】【日志级别：INFO 】【类：Baisse.Study.StudyService】
Studyss
【记录时间：2022-09-09 23:30:22,155】【线程：19】【日志级别：INFO 】【类：Baisse.Study.StudyService】
Studyss
【记录时间：2022-09-09 23:30:45,535】【线程：20】【日志级别：INFO 】【类：Baisse.Study.StudyService】
Studyss
【记录时间：2022-09-09 23:31:18,577】【线程：21】【日志级别：INFO 】【类：Baisse.Study.StudyService】
Studyss
【记录时间：2022-09-09 23:31:29,507】【线程：21】【日志级别：INFO 】【类：Baisse.Study.StudyService】
Studyss
【记录时间：2022-09-09 23:31:39,872】【线程：21】【日志级别：INFO 】【类：Baisse.Study.StudyService】
Studyss
【记录时间：2022-09-09 23:31:44,354】【线程：21】【日志级别：INFO 】【类：Baisse.Study.StudyService】
Studyss
【记录时间：2022-09-09 23:31:46,252】【线程：21】【日志级别：INFO 】【类：Baisse.Study.StudyService】
Studyss
【记录时间：2022-09-09 23:31:50,637】【线程：21】【日志级别：INFO 】【类：Baisse.Study.StudyService】
Studyss
【记录时间：2022-09-09 23:31:54,068】【线程：21】【日志级别：INFO 】【类：Baisse.Study.StudyService】
Studyss
【记录时间：2022-09-09 23:39:31,576】【线程：33】【日志级别：INFO 】【类：Baisse.Study.StudyService】
Studyss
【记录时间：2022-09-09 23:39:31,621】【线程：33】【日志级别：INFO 】【类：Baisse.Study.StudyService】
Studyss
【记录时间：2022-09-09 23:39:34,409】【线程：33】【日志级别：INFO 】【类：Baisse.Study.StudyService】
Studyss
【记录时间：2022-09-09 23:39:35,336】【线程：33】【日志级别：INFO 】【类：Baisse.Study.StudyService】
Studyss
【记录时间：2022-09-09 23:39:36,553】【线程：33】【日志级别：INFO 】【类：Baisse.Study.StudyService】
Studyss
【记录时间：2022-09-09 23:39:37,305】【线程：33】【日志级别：INFO 】【类：Baisse.Study.StudyService】
Studyss
【记录时间：2022-09-09 23:39:38,308】【线程：33】【日志级别：INFO 】【类：Baisse.Study.StudyService】
Studyss
【记录时间：2022-09-09 23:40:08,593】【线程：33】【日志级别：INFO 】【类：Baisse.Study.StudyService】
Studyss
【记录时间：2022-09-09 23:40:42,216】【线程：31】【日志级别：INFO 】【类：Baisse.Study.StudyService】
Studyss
【记录时间：2022-09-09 23:41:08,258】【线程：31】【日志级别：INFO 】【类：Baisse.Study.StudyService】
Studyss
【记录时间：2022-09-09 23:41:28,047】【线程：31】【日志级别：INFO 】【类：Baisse.Study.StudyService】
Studyss
【记录时间：2022-09-09 23:42:35,988】【线程：34】【日志级别：INFO 】【类：Baisse.Study.StudyService】
Studyss
【记录时间：2022-09-09 23:43:06,615】【线程：34】【日志级别：INFO 】【类：Baisse.Study.StudyService】
Studyss
【记录时间：2022-09-09 23:46:21,063】【线程：37】【日志级别：INFO 】【类：Baisse.Study.StudyService】
Studyss
